/opt/conda/bin/python: can't open file 'python3': [Errno 2] No such file or directory
/opt/conda/bin/python: can't open file 'python': [Errno 2] No such file or directory
background process started
Test loss: 0.0546	 Test error: 0.1866
[0.18662952646239556]
Test loss: 0.0978	 Test error: 0.2089
[0.20891364902506965]
Test loss: 0.0455	 Test error: 0.1421
[0.18662952646239556, 0.14206128133704735]
Test loss: 0.0478	 Test error: 0.1504
[0.20891364902506965, 0.15041782729805014]
Test loss: 0.0494	 Test error: 0.1699
[0.18662952646239556, 0.14206128133704735, 0.16991643454038996]
Test loss: 0.0506	 Test error: 0.1866
[0.20891364902506965, 0.15041782729805014, 0.18662952646239556]
Test loss: 0.0473	 Test error: 0.2033
[0.18662952646239556, 0.14206128133704735, 0.16991643454038996, 0.20334261838440112]
[[0.18662952646239556, 0.14206128133704735, 0.16991643454038996, 0.20334261838440112]]
Test loss: 0.0444	 Test error: 0.2033
[0.20891364902506965, 0.15041782729805014, 0.18662952646239556, 0.20334261838440112]
[[0.20891364902506965, 0.15041782729805014, 0.18662952646239556, 0.20334261838440112]]
Test loss: 0.1523	 Test error: 0.1532
[0.1532033426183844]
Test loss: 0.2433	 Test error: 0.1894
[0.1894150417827298]
Test loss: 0.1829	 Test error: 0.1755
[0.1532033426183844, 0.17548746518105848]
Test loss: 0.1804	 Test error: 0.1922
[0.1894150417827298, 0.19220055710306408]
Test loss: 0.1923	 Test error: 0.2006
[0.1532033426183844, 0.17548746518105848, 0.20055710306406685]
Test loss: 0.1395	 Test error: 0.1226
[0.1894150417827298, 0.19220055710306408, 0.12256267409470752]
Test loss: 0.1833	 Test error: 0.1616
[0.1532033426183844, 0.17548746518105848, 0.20055710306406685, 0.1615598885793872]
[[0.18662952646239556, 0.14206128133704735, 0.16991643454038996, 0.20334261838440112], [0.1532033426183844, 0.17548746518105848, 0.20055710306406685, 0.1615598885793872]]
Test loss: 0.1743	 Test error: 0.1532
[0.1894150417827298, 0.19220055710306408, 0.12256267409470752, 0.1532033426183844]
[[0.20891364902506965, 0.15041782729805014, 0.18662952646239556, 0.20334261838440112], [0.1894150417827298, 0.19220055710306408, 0.12256267409470752, 0.1532033426183844]]
Test loss: 0.4166	 Test error: 0.2089
[0.20891364902506965]
Test loss: 0.3641	 Test error: 0.1978
[0.1977715877437326]
Test loss: 0.3983	 Test error: 0.1616
[0.20891364902506965, 0.1615598885793872]
Test loss: 0.3594	 Test error: 0.1755
[0.1977715877437326, 0.17548746518105848]
Test loss: 0.4835	 Test error: 0.1978
[0.20891364902506965, 0.1615598885793872, 0.1977715877437326]
Test loss: 0.4223	 Test error: 0.1894
[0.1977715877437326, 0.17548746518105848, 0.1894150417827298]
Test loss: 0.4415	 Test error: 0.1978
[0.20891364902506965, 0.1615598885793872, 0.1977715877437326, 0.1977715877437326]
[[0.18662952646239556, 0.14206128133704735, 0.16991643454038996, 0.20334261838440112], [0.1532033426183844, 0.17548746518105848, 0.20055710306406685, 0.1615598885793872], [0.20891364902506965, 0.1615598885793872, 0.1977715877437326, 0.1977715877437326]]
Test loss: 0.4219	 Test error: 0.2312
[0.1977715877437326, 0.17548746518105848, 0.1894150417827298, 0.23119777158774374]
[[0.20891364902506965, 0.15041782729805014, 0.18662952646239556, 0.20334261838440112], [0.1894150417827298, 0.19220055710306408, 0.12256267409470752, 0.1532033426183844], [0.1977715877437326, 0.17548746518105848, 0.1894150417827298, 0.23119777158774374]]
Test loss: 0.7749	 Test error: 0.1755
[0.17548746518105848]
Test loss: 0.7994	 Test error: 0.1838
[0.18384401114206128]
Test loss: 0.9091	 Test error: 0.1950
[0.17548746518105848, 0.19498607242339833]
Test loss: 0.6189	 Test error: 0.1532
[0.18384401114206128, 0.1532033426183844]
Test loss: 0.5962	 Test error: 0.1226
[0.17548746518105848, 0.19498607242339833, 0.12256267409470752]
Test loss: 0.6534	 Test error: 0.1504
[0.18384401114206128, 0.1532033426183844, 0.15041782729805014]
Test loss: 0.6108	 Test error: 0.1532
[0.17548746518105848, 0.19498607242339833, 0.12256267409470752, 0.1532033426183844]
[[0.18662952646239556, 0.14206128133704735, 0.16991643454038996, 0.20334261838440112], [0.1532033426183844, 0.17548746518105848, 0.20055710306406685, 0.1615598885793872], [0.20891364902506965, 0.1615598885793872, 0.1977715877437326, 0.1977715877437326], [0.17548746518105848, 0.19498607242339833, 0.12256267409470752, 0.1532033426183844]]
Test loss: 0.6160	 Test error: 0.1699
[0.18384401114206128, 0.1532033426183844, 0.15041782729805014, 0.16991643454038996]
[[0.20891364902506965, 0.15041782729805014, 0.18662952646239556, 0.20334261838440112], [0.1894150417827298, 0.19220055710306408, 0.12256267409470752, 0.1532033426183844], [0.1977715877437326, 0.17548746518105848, 0.1894150417827298, 0.23119777158774374], [0.18384401114206128, 0.1532033426183844, 0.15041782729805014, 0.16991643454038996]]
Test loss: 1.3586	 Test error: 0.1727
[0.17270194986072424]
Test loss: 1.1608	 Test error: 0.2033
[0.20334261838440112]
Test loss: 1.0460	 Test error: 0.1560
[0.17270194986072424, 0.15598885793871867]
Test loss: 1.3292	 Test error: 0.1727
[0.20334261838440112, 0.17270194986072424]
Test loss: 1.0455	 Test error: 0.1532
[0.17270194986072424, 0.15598885793871867, 0.1532033426183844]
Test loss: 1.0753	 Test error: 0.1811
[0.20334261838440112, 0.17270194986072424, 0.181058495821727]
Test loss: 1.0107	 Test error: 0.1504
[0.17270194986072424, 0.15598885793871867, 0.1532033426183844, 0.15041782729805014]
[[0.18662952646239556, 0.14206128133704735, 0.16991643454038996, 0.20334261838440112], [0.1532033426183844, 0.17548746518105848, 0.20055710306406685, 0.1615598885793872], [0.20891364902506965, 0.1615598885793872, 0.1977715877437326, 0.1977715877437326], [0.17548746518105848, 0.19498607242339833, 0.12256267409470752, 0.1532033426183844], [0.17270194986072424, 0.15598885793871867, 0.1532033426183844, 0.15041782729805014]]
Test loss: 1.3529	 Test error: 0.1504
[0.20334261838440112, 0.17270194986072424, 0.181058495821727, 0.15041782729805014]
[[0.20891364902506965, 0.15041782729805014, 0.18662952646239556, 0.20334261838440112], [0.1894150417827298, 0.19220055710306408, 0.12256267409470752, 0.1532033426183844], [0.1977715877437326, 0.17548746518105848, 0.1894150417827298, 0.23119777158774374], [0.18384401114206128, 0.1532033426183844, 0.15041782729805014, 0.16991643454038996], [0.20334261838440112, 0.17270194986072424, 0.181058495821727, 0.15041782729805014]]
Test loss: 1.5470	 Test error: 0.1699
[0.16991643454038996]
Test loss: 1.4525	 Test error: 0.1198
[0.11977715877437325]
Test loss: 1.8047	 Test error: 0.1560
[0.16991643454038996, 0.15598885793871867]
Test loss: 1.8437	 Test error: 0.1699
[0.11977715877437325, 0.16991643454038996]
Test loss: 1.4392	 Test error: 0.1755
[0.16991643454038996, 0.15598885793871867, 0.17548746518105848]
Test loss: 1.5080	 Test error: 0.1532
[0.11977715877437325, 0.16991643454038996, 0.1532033426183844]
Test loss: 1.3193	 Test error: 0.1504
[0.16991643454038996, 0.15598885793871867, 0.17548746518105848, 0.15041782729805014]
[[0.18662952646239556, 0.14206128133704735, 0.16991643454038996, 0.20334261838440112], [0.1532033426183844, 0.17548746518105848, 0.20055710306406685, 0.1615598885793872], [0.20891364902506965, 0.1615598885793872, 0.1977715877437326, 0.1977715877437326], [0.17548746518105848, 0.19498607242339833, 0.12256267409470752, 0.1532033426183844], [0.17270194986072424, 0.15598885793871867, 0.1532033426183844, 0.15041782729805014], [0.16991643454038996, 0.15598885793871867, 0.17548746518105848, 0.15041782729805014]]
Test loss: 1.3442	 Test error: 0.1616
[0.11977715877437325, 0.16991643454038996, 0.1532033426183844, 0.1615598885793872]
[[0.20891364902506965, 0.15041782729805014, 0.18662952646239556, 0.20334261838440112], [0.1894150417827298, 0.19220055710306408, 0.12256267409470752, 0.1532033426183844], [0.1977715877437326, 0.17548746518105848, 0.1894150417827298, 0.23119777158774374], [0.18384401114206128, 0.1532033426183844, 0.15041782729805014, 0.16991643454038996], [0.20334261838440112, 0.17270194986072424, 0.181058495821727, 0.15041782729805014], [0.11977715877437325, 0.16991643454038996, 0.1532033426183844, 0.1615598885793872]]
Test loss: 2.0459	 Test error: 0.1588
[0.15877437325905291]
Test loss: 7.4882	 Test error: 0.3983
[0.3983286908077994]
Test loss: 2.4128	 Test error: 0.2117
[0.15877437325905291, 0.2116991643454039]
Test loss: 2.1045	 Test error: 0.1783
[0.3983286908077994, 0.17827298050139276]
Test loss: 2.0404	 Test error: 0.1727
[0.15877437325905291, 0.2116991643454039, 0.17270194986072424]
Test loss: 2.1774	 Test error: 0.1365
[0.3983286908077994, 0.17827298050139276, 0.13649025069637882]
Test loss: 2.2626	 Test error: 0.1727
[0.15877437325905291, 0.2116991643454039, 0.17270194986072424, 0.17270194986072424]
[[0.18662952646239556, 0.14206128133704735, 0.16991643454038996, 0.20334261838440112], [0.1532033426183844, 0.17548746518105848, 0.20055710306406685, 0.1615598885793872], [0.20891364902506965, 0.1615598885793872, 0.1977715877437326, 0.1977715877437326], [0.17548746518105848, 0.19498607242339833, 0.12256267409470752, 0.1532033426183844], [0.17270194986072424, 0.15598885793871867, 0.1532033426183844, 0.15041782729805014], [0.16991643454038996, 0.15598885793871867, 0.17548746518105848, 0.15041782729805014], [0.15877437325905291, 0.2116991643454039, 0.17270194986072424, 0.17270194986072424]]
Test loss: 2.6144	 Test error: 0.1671
[0.3983286908077994, 0.17827298050139276, 0.13649025069637882, 0.1671309192200557]
[[0.20891364902506965, 0.15041782729805014, 0.18662952646239556, 0.20334261838440112], [0.1894150417827298, 0.19220055710306408, 0.12256267409470752, 0.1532033426183844], [0.1977715877437326, 0.17548746518105848, 0.1894150417827298, 0.23119777158774374], [0.18384401114206128, 0.1532033426183844, 0.15041782729805014, 0.16991643454038996], [0.20334261838440112, 0.17270194986072424, 0.181058495821727, 0.15041782729805014], [0.11977715877437325, 0.16991643454038996, 0.1532033426183844, 0.1615598885793872], [0.3983286908077994, 0.17827298050139276, 0.13649025069637882, 0.1671309192200557]]
Test loss: 3.5531	 Test error: 0.1198
[0.11977715877437325]
Test loss: 2.2571	 Test error: 0.1504
[0.15041782729805014]
Test loss: 2.3482	 Test error: 0.1448
[0.11977715877437325, 0.14484679665738162]
Test loss: 2.6777	 Test error: 0.1783
[0.15041782729805014, 0.17827298050139276]
Test loss: 2.8086	 Test error: 0.1393
[0.11977715877437325, 0.14484679665738162, 0.1392757660167131]
Test loss: 2.6408	 Test error: 0.1198
[0.15041782729805014, 0.17827298050139276, 0.11977715877437325]
Test loss: 2.5574	 Test error: 0.1643
[0.11977715877437325, 0.14484679665738162, 0.1392757660167131, 0.16434540389972144]
[[0.18662952646239556, 0.14206128133704735, 0.16991643454038996, 0.20334261838440112], [0.1532033426183844, 0.17548746518105848, 0.20055710306406685, 0.1615598885793872], [0.20891364902506965, 0.1615598885793872, 0.1977715877437326, 0.1977715877437326], [0.17548746518105848, 0.19498607242339833, 0.12256267409470752, 0.1532033426183844], [0.17270194986072424, 0.15598885793871867, 0.1532033426183844, 0.15041782729805014], [0.16991643454038996, 0.15598885793871867, 0.17548746518105848, 0.15041782729805014], [0.15877437325905291, 0.2116991643454039, 0.17270194986072424, 0.17270194986072424], [0.11977715877437325, 0.14484679665738162, 0.1392757660167131, 0.16434540389972144]]
Test loss: 3.0246	 Test error: 0.1894
[0.15041782729805014, 0.17827298050139276, 0.11977715877437325, 0.1894150417827298]
[[0.20891364902506965, 0.15041782729805014, 0.18662952646239556, 0.20334261838440112], [0.1894150417827298, 0.19220055710306408, 0.12256267409470752, 0.1532033426183844], [0.1977715877437326, 0.17548746518105848, 0.1894150417827298, 0.23119777158774374], [0.18384401114206128, 0.1532033426183844, 0.15041782729805014, 0.16991643454038996], [0.20334261838440112, 0.17270194986072424, 0.181058495821727, 0.15041782729805014], [0.11977715877437325, 0.16991643454038996, 0.1532033426183844, 0.1615598885793872], [0.3983286908077994, 0.17827298050139276, 0.13649025069637882, 0.1671309192200557], [0.15041782729805014, 0.17827298050139276, 0.11977715877437325, 0.1894150417827298]]
Test loss: 3.7545	 Test error: 0.2006
[0.20055710306406685]
Test loss: 2.9430	 Test error: 0.1755
[0.17548746518105848]
Test loss: 2.7373	 Test error: 0.1281
[0.20055710306406685, 0.12813370473537605]
Test loss: 2.7921	 Test error: 0.1309
[0.17548746518105848, 0.1309192200557103]
Test loss: 3.1920	 Test error: 0.1421
[0.20055710306406685, 0.12813370473537605, 0.14206128133704735]
Test loss: 3.4417	 Test error: 0.1616
[0.17548746518105848, 0.1309192200557103, 0.1615598885793872]
Test loss: 3.0911	 Test error: 0.1588
[0.20055710306406685, 0.12813370473537605, 0.14206128133704735, 0.15877437325905291]
[[0.18662952646239556, 0.14206128133704735, 0.16991643454038996, 0.20334261838440112], [0.1532033426183844, 0.17548746518105848, 0.20055710306406685, 0.1615598885793872], [0.20891364902506965, 0.1615598885793872, 0.1977715877437326, 0.1977715877437326], [0.17548746518105848, 0.19498607242339833, 0.12256267409470752, 0.1532033426183844], [0.17270194986072424, 0.15598885793871867, 0.1532033426183844, 0.15041782729805014], [0.16991643454038996, 0.15598885793871867, 0.17548746518105848, 0.15041782729805014], [0.15877437325905291, 0.2116991643454039, 0.17270194986072424, 0.17270194986072424], [0.11977715877437325, 0.14484679665738162, 0.1392757660167131, 0.16434540389972144], [0.20055710306406685, 0.12813370473537605, 0.14206128133704735, 0.15877437325905291]]
Test loss: 3.5551	 Test error: 0.1922
[0.17548746518105848, 0.1309192200557103, 0.1615598885793872, 0.19220055710306408]
[[0.20891364902506965, 0.15041782729805014, 0.18662952646239556, 0.20334261838440112], [0.1894150417827298, 0.19220055710306408, 0.12256267409470752, 0.1532033426183844], [0.1977715877437326, 0.17548746518105848, 0.1894150417827298, 0.23119777158774374], [0.18384401114206128, 0.1532033426183844, 0.15041782729805014, 0.16991643454038996], [0.20334261838440112, 0.17270194986072424, 0.181058495821727, 0.15041782729805014], [0.11977715877437325, 0.16991643454038996, 0.1532033426183844, 0.1615598885793872], [0.3983286908077994, 0.17827298050139276, 0.13649025069637882, 0.1671309192200557], [0.15041782729805014, 0.17827298050139276, 0.11977715877437325, 0.1894150417827298], [0.17548746518105848, 0.1309192200557103, 0.1615598885793872, 0.19220055710306408]]
Test loss: 3.9874	 Test error: 0.1699
[0.16991643454038996]
Test loss: 4.1113	 Test error: 0.1588
[0.15877437325905291]
Test loss: 6.3902	 Test error: 0.1643
[0.16991643454038996, 0.16434540389972144]
Test loss: 5.2210	 Test error: 0.1894
[0.15877437325905291, 0.1894150417827298]
Test loss: 4.4302	 Test error: 0.1922
[0.16991643454038996, 0.16434540389972144, 0.19220055710306408]
Test loss: 3.8352	 Test error: 0.1337
[0.15877437325905291, 0.1894150417827298, 0.13370473537604458]
Test loss: 4.2033	 Test error: 0.1699
[0.16991643454038996, 0.16434540389972144, 0.19220055710306408, 0.16991643454038996]
[[0.18662952646239556, 0.14206128133704735, 0.16991643454038996, 0.20334261838440112], [0.1532033426183844, 0.17548746518105848, 0.20055710306406685, 0.1615598885793872], [0.20891364902506965, 0.1615598885793872, 0.1977715877437326, 0.1977715877437326], [0.17548746518105848, 0.19498607242339833, 0.12256267409470752, 0.1532033426183844], [0.17270194986072424, 0.15598885793871867, 0.1532033426183844, 0.15041782729805014], [0.16991643454038996, 0.15598885793871867, 0.17548746518105848, 0.15041782729805014], [0.15877437325905291, 0.2116991643454039, 0.17270194986072424, 0.17270194986072424], [0.11977715877437325, 0.14484679665738162, 0.1392757660167131, 0.16434540389972144], [0.20055710306406685, 0.12813370473537605, 0.14206128133704735, 0.15877437325905291], [0.16991643454038996, 0.16434540389972144, 0.19220055710306408, 0.16991643454038996]]
Test loss: 4.5290	 Test error: 0.1448
[0.15877437325905291, 0.1894150417827298, 0.13370473537604458, 0.14484679665738162]
[[0.20891364902506965, 0.15041782729805014, 0.18662952646239556, 0.20334261838440112], [0.1894150417827298, 0.19220055710306408, 0.12256267409470752, 0.1532033426183844], [0.1977715877437326, 0.17548746518105848, 0.1894150417827298, 0.23119777158774374], [0.18384401114206128, 0.1532033426183844, 0.15041782729805014, 0.16991643454038996], [0.20334261838440112, 0.17270194986072424, 0.181058495821727, 0.15041782729805014], [0.11977715877437325, 0.16991643454038996, 0.1532033426183844, 0.1615598885793872], [0.3983286908077994, 0.17827298050139276, 0.13649025069637882, 0.1671309192200557], [0.15041782729805014, 0.17827298050139276, 0.11977715877437325, 0.1894150417827298], [0.17548746518105848, 0.1309192200557103, 0.1615598885793872, 0.19220055710306408], [0.15877437325905291, 0.1894150417827298, 0.13370473537604458, 0.14484679665738162]]
Test loss: 5.6743	 Test error: 0.1755
[0.17548746518105848]
Test loss: 4.9598	 Test error: 0.1532
[0.1532033426183844]
Test loss: 5.1925	 Test error: 0.1448
[0.17548746518105848, 0.14484679665738162]
Test loss: 4.7924	 Test error: 0.1643
[0.1532033426183844, 0.16434540389972144]
Test loss: 4.0279	 Test error: 0.1281
[0.17548746518105848, 0.14484679665738162, 0.12813370473537605]
Test loss: 4.6274	 Test error: 0.1811
[0.1532033426183844, 0.16434540389972144, 0.181058495821727]
Test loss: 4.8456	 Test error: 0.1504
[0.17548746518105848, 0.14484679665738162, 0.12813370473537605, 0.15041782729805014]
[[0.18662952646239556, 0.14206128133704735, 0.16991643454038996, 0.20334261838440112], [0.1532033426183844, 0.17548746518105848, 0.20055710306406685, 0.1615598885793872], [0.20891364902506965, 0.1615598885793872, 0.1977715877437326, 0.1977715877437326], [0.17548746518105848, 0.19498607242339833, 0.12256267409470752, 0.1532033426183844], [0.17270194986072424, 0.15598885793871867, 0.1532033426183844, 0.15041782729805014], [0.16991643454038996, 0.15598885793871867, 0.17548746518105848, 0.15041782729805014], [0.15877437325905291, 0.2116991643454039, 0.17270194986072424, 0.17270194986072424], [0.11977715877437325, 0.14484679665738162, 0.1392757660167131, 0.16434540389972144], [0.20055710306406685, 0.12813370473537605, 0.14206128133704735, 0.15877437325905291], [0.16991643454038996, 0.16434540389972144, 0.19220055710306408, 0.16991643454038996], [0.17548746518105848, 0.14484679665738162, 0.12813370473537605, 0.15041782729805014]]
Test loss: 4.3018	 Test error: 0.1421
[0.1532033426183844, 0.16434540389972144, 0.181058495821727, 0.14206128133704735]
[[0.20891364902506965, 0.15041782729805014, 0.18662952646239556, 0.20334261838440112], [0.1894150417827298, 0.19220055710306408, 0.12256267409470752, 0.1532033426183844], [0.1977715877437326, 0.17548746518105848, 0.1894150417827298, 0.23119777158774374], [0.18384401114206128, 0.1532033426183844, 0.15041782729805014, 0.16991643454038996], [0.20334261838440112, 0.17270194986072424, 0.181058495821727, 0.15041782729805014], [0.11977715877437325, 0.16991643454038996, 0.1532033426183844, 0.1615598885793872], [0.3983286908077994, 0.17827298050139276, 0.13649025069637882, 0.1671309192200557], [0.15041782729805014, 0.17827298050139276, 0.11977715877437325, 0.1894150417827298], [0.17548746518105848, 0.1309192200557103, 0.1615598885793872, 0.19220055710306408], [0.15877437325905291, 0.1894150417827298, 0.13370473537604458, 0.14484679665738162], [0.1532033426183844, 0.16434540389972144, 0.181058495821727, 0.14206128133704735]]
Test loss: 5.7846	 Test error: 0.1588
[0.15877437325905291]
Test loss: 5.2472	 Test error: 0.1170
[0.116991643454039]
Test loss: 6.1833	 Test error: 0.1838
[0.15877437325905291, 0.18384401114206128]
Test loss: 5.0539	 Test error: 0.1560
[0.116991643454039, 0.15598885793871867]
Test loss: 5.3589	 Test error: 0.1504
[0.15877437325905291, 0.18384401114206128, 0.15041782729805014]
Test loss: 4.5627	 Test error: 0.1532
[0.116991643454039, 0.15598885793871867, 0.1532033426183844]
Test loss: 5.9352	 Test error: 0.1783
[0.15877437325905291, 0.18384401114206128, 0.15041782729805014, 0.17827298050139276]
[[0.18662952646239556, 0.14206128133704735, 0.16991643454038996, 0.20334261838440112], [0.1532033426183844, 0.17548746518105848, 0.20055710306406685, 0.1615598885793872], [0.20891364902506965, 0.1615598885793872, 0.1977715877437326, 0.1977715877437326], [0.17548746518105848, 0.19498607242339833, 0.12256267409470752, 0.1532033426183844], [0.17270194986072424, 0.15598885793871867, 0.1532033426183844, 0.15041782729805014], [0.16991643454038996, 0.15598885793871867, 0.17548746518105848, 0.15041782729805014], [0.15877437325905291, 0.2116991643454039, 0.17270194986072424, 0.17270194986072424], [0.11977715877437325, 0.14484679665738162, 0.1392757660167131, 0.16434540389972144], [0.20055710306406685, 0.12813370473537605, 0.14206128133704735, 0.15877437325905291], [0.16991643454038996, 0.16434540389972144, 0.19220055710306408, 0.16991643454038996], [0.17548746518105848, 0.14484679665738162, 0.12813370473537605, 0.15041782729805014], [0.15877437325905291, 0.18384401114206128, 0.15041782729805014, 0.17827298050139276]]
Traceback (most recent call last):
  File "/home/razielis05_gmail_com/models/Facial-Similarity-with-Siamese-Networks-in-Pytorch/Experiment2.py", line 83, in <module>
    fig = plt.figure()
NameError: name 'plt' is not defined
Test loss: 6.6776	 Test error: 0.1866
[0.116991643454039, 0.15598885793871867, 0.1532033426183844, 0.18662952646239556]
[[0.20891364902506965, 0.15041782729805014, 0.18662952646239556, 0.20334261838440112], [0.1894150417827298, 0.19220055710306408, 0.12256267409470752, 0.1532033426183844], [0.1977715877437326, 0.17548746518105848, 0.1894150417827298, 0.23119777158774374], [0.18384401114206128, 0.1532033426183844, 0.15041782729805014, 0.16991643454038996], [0.20334261838440112, 0.17270194986072424, 0.181058495821727, 0.15041782729805014], [0.11977715877437325, 0.16991643454038996, 0.1532033426183844, 0.1615598885793872], [0.3983286908077994, 0.17827298050139276, 0.13649025069637882, 0.1671309192200557], [0.15041782729805014, 0.17827298050139276, 0.11977715877437325, 0.1894150417827298], [0.17548746518105848, 0.1309192200557103, 0.1615598885793872, 0.19220055710306408], [0.15877437325905291, 0.1894150417827298, 0.13370473537604458, 0.14484679665738162], [0.1532033426183844, 0.16434540389972144, 0.181058495821727, 0.14206128133704735], [0.116991643454039, 0.15598885793871867, 0.1532033426183844, 0.18662952646239556]]
Traceback (most recent call last):
  File "/home/razielis05_gmail_com/models/Facial-Similarity-with-Siamese-Networks-in-Pytorch/Experiment2.py", line 83, in <module>
    fig = plt.figure()
NameError: name 'plt' is not defined
